--- Copying files at Tue Oct  1 03:25:56 UTC 2019
INSTALLED plugins/pipeline-model-api.jpi : 1.3.9
INSTALLED plugins/matrix-project.jpi : 1.14
INSTALLED plugins/workflow-job.jpi : 2.35
INSTALLED plugins/build-monitor-plugin.jpi : 1.12+build.201809061734
INSTALLED plugins/docker-workflow.jpi : 1.19
INSTALLED plugins/jsch.jpi : 0.1.55.1
INSTALLED plugins/nested-view.jpi : 1.17
INSTALLED plugins/apache-httpcomponents-client-4-api.jpi : 4.5.10-1.0
INSTALLED plugins/greenballs.jpi : 1.15
INSTALLED plugins/authentication-tokens.jpi : 1.3
INSTALLED plugins/github.jpi : 1.29.4
INSTALLED plugins/pmd.jpi : 4.0.0
INSTALLED plugins/momentjs.jpi : 1.1.1
INSTALLED plugins/javadoc.jpi : 1.5
INSTALLED plugins/scm-api.jpi : 2.6.3
INSTALLED plugins/antisamy-markup-formatter.jpi : 1.6
INSTALLED plugins/plain-credentials.jpi : 1.5
INSTALLED plugins/maven-plugin.jpi : 3.4
INSTALLED plugins/credentials-binding.jpi : 1.20
INSTALLED plugins/build-pipeline-plugin.jpi : 1.5.8
INSTALLED plugins/checkstyle.jpi : 4.0.0
INSTALLED plugins/docker-commons.jpi : 1.15
INSTALLED plugins/structs.jpi : 1.20
INSTALLED plugins/jackson2-api.jpi : 2.9.10
INSTALLED plugins/jquery-detached.jpi : 1.2.1
INSTALLED plugins/git-server.jpi : 1.8
INSTALLED plugins/workflow-durable-task-step.jpi : 2.34
INSTALLED plugins/workflow-api.jpi : 2.37
INSTALLED plugins/workflow-cps-global-lib.jpi : 2.15
INSTALLED plugins/branch-api.jpi : 2.5.4
INSTALLED plugins/parameterized-trigger.jpi : 2.35.2
INSTALLED plugins/findbugs.jpi : 5.0.0
INSTALLED plugins/analysis-core.jpi : 1.96
INSTALLED plugins/run-condition.jpi : 1.2
INSTALLED plugins/display-url-api.jpi : 2.3.2
INSTALLED plugins/workflow-support.jpi : 3.3
INSTALLED plugins/token-macro.jpi : 2.8
INSTALLED plugins/workflow-scm-step.jpi : 2.9
INSTALLED plugins/ant.jpi : 1.10
INSTALLED plugins/gradle.jpi : 1.34
INSTALLED plugins/pipeline-model-declarative-agent.jpi : 1.1.1
INSTALLED plugins/handlebars.jpi : 1.1.1
INSTALLED plugins/junit.jpi : 1.28
INSTALLED plugins/pipeline-rest-api.jpi : 2.12
INSTALLED plugins/workflow-step-api.jpi : 2.20
INSTALLED plugins/ssh-credentials.jpi : 1.17.3
INSTALLED plugins/pipeline-stage-step.jpi : 2.3
INSTALLED plugins/workflow-basic-steps.jpi : 2.18
INSTALLED plugins/github-api.jpi : 1.95
INSTALLED plugins/lockable-resources.jpi : 2.5
INSTALLED plugins/cloudbees-folder.jpi : 6.9
INSTALLED plugins/pipeline-build-step.jpi : 2.9
INSTALLED plugins/pipeline-input-step.jpi : 2.11
INSTALLED plugins/jquery.jpi : 1.12.4-1
INSTALLED plugins/mailer.jpi : 1.28
INSTALLED plugins/conditional-buildstep.jpi : 1.3.6
INSTALLED plugins/script-security.jpi : 1.64
INSTALLED plugins/workflow-multibranch.jpi : 2.21
INSTALLED plugins/durable-task.jpi : 1.30
INSTALLED plugins/git-client.jpi : 2.8.6
INSTALLED plugins/pipeline-stage-tags-metadata.jpi : 1.3.9
INSTALLED plugins/deploy.jpi : 1.15
INSTALLED plugins/pipeline-stage-view.jpi : 2.12
INSTALLED plugins/workflow-aggregator.jpi : 2.6
INSTALLED plugins/pipeline-model-extensions.jpi : 1.3.9
INSTALLED plugins/copyartifact.jpi : 1.42.1
INSTALLED plugins/pipeline-milestone-step.jpi : 1.3.1
INSTALLED plugins/git.jpi : 3.12.1
INSTALLED plugins/workflow-cps.jpi : 2.74
INSTALLED plugins/ace-editor.jpi : 1.1
INSTALLED plugins/credentials.jpi : 2.3.0
INSTALLED plugins/pipeline-model-definition.jpi : 1.3.9
INSTALLED plugins/pipeline-graph-analysis.jpi : 1.10
--- Copying files at Wed Oct  2 13:16:49 UTC 2019
